<?xml version="1.0" encoding="UTF-8"?>
<testng-results skipped="0" failed="0" ignored="0" total="2" passed="2">
  <reporter-output>
  </reporter-output>
  <suite name="Command line suite" duration-ms="125311" started-at="2025-04-03T14:51:39Z" finished-at="2025-04-03T14:53:44Z">
    <groups>
    </groups>
    <test name="Command line test" duration-ms="125311" started-at="2025-04-03T14:51:39Z" finished-at="2025-04-03T14:53:44Z">
      <class name="Utility.Report">
        <test-method status="PASS" signature="startReport()[pri:0, instance:Utility.Report@57f23557]" name="startReport" is-config="true" duration-ms="299" started-at="2025-04-03T14:51:39Z" finished-at="2025-04-03T14:51:39Z">
          <reporter-output>
          </reporter-output>
        </test-method> <!-- startReport -->
        <test-method status="PASS" signature="Launch_Browser()[pri:1, instance:Utility.Report@57f23557]" name="Launch_Browser" duration-ms="86922" started-at="2025-04-03T14:51:39Z" finished-at="2025-04-03T14:53:06Z">
          <reporter-output>
          </reporter-output>
        </test-method> <!-- Launch_Browser -->
        <test-method status="PASS" signature="openBrowser()[pri:0, instance:Utility.Report@57f23557]" name="openBrowser" is-config="true" duration-ms="0" started-at="2025-04-03T14:51:39Z" finished-at="2025-04-03T14:51:39Z">
          <reporter-output>
          </reporter-output>
        </test-method> <!-- openBrowser -->
        <test-method status="PASS" signature="result(org.testng.ITestResult)[pri:0, instance:Utility.Report@57f23557]" name="result" is-config="true" duration-ms="1506" started-at="2025-04-03T14:53:06Z" finished-at="2025-04-03T14:53:07Z">
          <params>
            <param index="0">
              <value>
                <![CDATA[[TestResult name=Launch_Browser status=SUCCESS method=Report.Launch_Browser()[pri:1, instance:Utility.Report@57f23557] output={null}]]]>
              </value>
            </param>
          </params>
          <reporter-output>
          </reporter-output>
        </test-method> <!-- result -->
        <test-method status="PASS" signature="openBrowser()[pri:0, instance:Utility.Report@57f23557]" name="openBrowser" is-config="true" duration-ms="0" started-at="2025-04-03T14:53:07Z" finished-at="2025-04-03T14:53:07Z">
          <reporter-output>
          </reporter-output>
        </test-method> <!-- openBrowser -->
        <test-method status="PASS" signature="team_activity_analytics_report()[pri:2, instance:Utility.Report@57f23557]" name="team_activity_analytics_report" duration-ms="34399" started-at="2025-04-03T14:53:07Z" finished-at="2025-04-03T14:53:42Z">
          <reporter-output>
          </reporter-output>
        </test-method> <!-- team_activity_analytics_report -->
        <test-method status="PASS" signature="result(org.testng.ITestResult)[pri:0, instance:Utility.Report@57f23557]" name="result" is-config="true" duration-ms="817" started-at="2025-04-03T14:53:42Z" finished-at="2025-04-03T14:53:43Z">
          <params>
            <param index="0">
              <value>
                <![CDATA[[TestResult name=team_activity_analytics_report status=SUCCESS method=Report.team_activity_analytics_report()[pri:2, instance:Utility.Report@57f23557] output={null}]]]>
              </value>
            </param>
          </params>
          <reporter-output>
          </reporter-output>
        </test-method> <!-- result -->
        <test-method status="PASS" signature="endReport()[pri:0, instance:Utility.Report@57f23557]" name="endReport" is-config="true" duration-ms="1337" started-at="2025-04-03T14:53:43Z" finished-at="2025-04-03T14:53:44Z">
          <reporter-output>
          </reporter-output>
        </test-method> <!-- endReport -->
      </class> <!-- Utility.Report -->
    </test> <!-- Command line test -->
  </suite> <!-- Command line suite -->
</testng-results>
